flutter_bluetooth/build/app/intermediates/manifest_merge_blame_file/debug/manifest-merger-blame-debug-report.txt
1<?xml version="1.0" encoding="utf-8"?>
2<manifest xmlns:android="http://schemas.android.com/apk/res/android"
3    package="com.example.kt_session"
4    android:versionCode="1"
5    android:versionName="1.0.0" >
6
7    <uses-sdk
8        android:minSdkVersion="21"
9        android:targetSdkVersion="34" />
10    <!--
11         The INTERNET permission is required for development. Specifically,
12         the Flutter tool needs it to communicate with the running application
13         to allow setting breakpoints, to provide hot reload, etc.
14    -->
15    <uses-permission android:name="android.permission.INTERNET" />
15-->src\debug\AndroidManifest.xml:6:5-66
15-->src\debug\AndroidManifest.xml:6:22-64
16    <uses-permission
16-->src\main\AndroidManifest.xml:3:5-120
17        android:name="android.permission.BLUETOOTH_SCAN"
17-->src\main\AndroidManifest.xml:3:22-70
18        android:usesPermissionFlags="neverForLocation" />
18-->src\main\AndroidManifest.xml:3:71-117
19    <uses-permission android:name="android.permission.BLUETOOTH_CONNECT" />
19-->src\main\AndroidManifest.xml:4:5-76
19-->src\main\AndroidManifest.xml:4:22-73
20    <uses-permission android:name="android.permission.ACCESS_FINE_LOCATION" />
20-->src\main\AndroidManifest.xml:5:5-78
20-->src\main\AndroidManifest.xml:5:22-76
21    <uses-permission android:name="android.permission.ACCESS_COARSE_LOCATION" /> <!-- required for API 18 - 30 -->
21-->src\main\AndroidManifest.xml:6:5-80
21-->src\main\AndroidManifest.xml:6:22-78
22    <uses-permission
22-->[:reactive_ble_mobile] AndroidManifest.xml:10:5-12:38
23        android:name="android.permission.BLUETOOTH"
23-->[:reactive_ble_mobile] AndroidManifest.xml:11:9-52
24        android:maxSdkVersion="30" />
24-->[:reactive_ble_mobile] AndroidManifest.xml:12:9-35
25    <uses-permission
25-->[:reactive_ble_mobile] AndroidManifest.xml:13:5-15:38
26        android:name="android.permission.BLUETOOTH_ADMIN"
26-->[:reactive_ble_mobile] AndroidManifest.xml:14:9-58
27        android:maxSdkVersion="30" />
27-->[:reactive_ble_mobile] AndroidManifest.xml:15:9-35
28
29    <permission
29-->[androidx.core:core:1.13.1] AndroidManifest.xml:22:5-24:47
30        android:name="com.example.kt_session.DYNAMIC_RECEIVER_NOT_EXPORTED_PERMISSION"
30-->[androidx.core:core:1.13.1] AndroidManifest.xml:23:9-81
31        android:protectionLevel="signature" />
31-->[androidx.core:core:1.13.1] AndroidManifest.xml:24:9-44
32
33    <uses-permission android:name="com.example.kt_session.DYNAMIC_RECEIVER_NOT_EXPORTED_PERMISSION" /> <!-- required for API 23 - 30, no android:maxSdkVersion because of a potential breaking change -->
33-->[androidx.core:core:1.13.1] AndroidManifest.xml:26:5-97
33-->[androidx.core:core:1.13.1] AndroidManifest.xml:26:22-94
34    <!-- TODO: add android:maxSdkVersion on 2.0.0 -->
35    <uses-permission-sdk-23 android:name="android.permission.ACCESS_COARSE_LOCATION" />
35-->[com.polidea.rxandroidble2:rxandroidble:1.16.0] AndroidManifest.xml:18:5-88
35-->[com.polidea.rxandroidble2:rxandroidble:1.16.0] AndroidManifest.xml:18:29-85
36    <uses-permission-sdk-23 android:name="android.permission.ACCESS_FINE_LOCATION" />
36-->[com.polidea.rxandroidble2:rxandroidble:1.16.0] AndroidManifest.xml:19:5-86
36-->[com.polidea.rxandroidble2:rxandroidble:1.16.0] AndroidManifest.xml:19:29-83
37
38    <application
39        android:name="android.app.Application"
40        android:appComponentFactory="androidx.core.app.CoreComponentFactory"
40-->[androidx.core:core:1.13.1] AndroidManifest.xml:28:18-86
41        android:debuggable="true"
42        android:icon="@mipmap/ic_launcher"
43        android:label="TA_KEL3" >
44        <activity
45            android:name="com.example.kt_session.MainActivity"
46            android:configChanges="orientation|keyboardHidden|keyboard|screenSize|smallestScreenSize|locale|layoutDirection|fontScale|screenLayout|density|uiMode"
47            android:exported="true"
48            android:hardwareAccelerated="true"
49            android:launchMode="singleTop"
50            android:theme="@style/LaunchTheme"
51            android:windowSoftInputMode="adjustResize" >
52
53            <!--
54                 Specifies an Android theme to apply to this Activity as soon as
55                 the Android process has started. This theme is visible to the user
56                 while the Flutter UI initializes. After that, this theme continues
57                 to determine the Window background behind the Flutter UI.
58            -->
59            <meta-data
60                android:name="io.flutter.embedding.android.NormalTheme"
61                android:resource="@style/NormalTheme" />
62
63            <intent-filter>
64                <action android:name="android.intent.action.MAIN" />
65
66                <category android:name="android.intent.category.LAUNCHER" />
67            </intent-filter>
68        </activity>
69        <!--
70             Don't delete the meta-data below.
71             This is used by the Flutter tool to generate GeneratedPluginRegistrant.java
72        -->
73        <meta-data
74            android:name="flutterEmbedding"
75            android:value="2" />
76
77        <uses-library
77-->[androidx.window:window:1.2.0] AndroidManifest.xml:23:9-25:40
78            android:name="androidx.window.extensions"
78-->[androidx.window:window:1.2.0] AndroidManifest.xml:24:13-54
79            android:required="false" />
79-->[androidx.window:window:1.2.0] AndroidManifest.xml:25:13-37
80        <uses-library
80-->[androidx.window:window:1.2.0] AndroidManifest.xml:26:9-28:40
81            android:name="androidx.window.sidecar"
81-->[androidx.window:window:1.2.0] AndroidManifest.xml:27:13-51
82            android:required="false" />
82-->[androidx.window:window:1.2.0] AndroidManifest.xml:28:13-37
83
84        <provider
84-->[androidx.lifecycle:lifecycle-process:2.7.0] AndroidManifest.xml:24:9-32:20
85            android:name="androidx.startup.InitializationProvider"
85-->[androidx.lifecycle:lifecycle-process:2.7.0] AndroidManifest.xml:25:13-67
86            android:authorities="com.example.kt_session.androidx-startup"
86-->[androidx.lifecycle:lifecycle-process:2.7.0] AndroidManifest.xml:26:13-68
87            android:exported="false" >
87-->[androidx.lifecycle:lifecycle-process:2.7.0] AndroidManifest.xml:27:13-37
88            <meta-data
88-->[androidx.lifecycle:lifecycle-process:2.7.0] AndroidManifest.xml:29:13-31:52
89                android:name="androidx.lifecycle.ProcessLifecycleInitializer"
89-->[androidx.lifecycle:lifecycle-process:2.7.0] AndroidManifest.xml:30:17-78
90                android:value="androidx.startup" />
90-->[androidx.lifecycle:lifecycle-process:2.7.0] AndroidManifest.xml:31:17-49
91            <meta-data
91-->[androidx.profileinstaller:profileinstaller:1.3.1] AndroidManifest.xml:29:13-31:52
92                android:name="androidx.profileinstaller.ProfileInstallerInitializer"
92-->[androidx.profileinstaller:profileinstaller:1.3.1] AndroidManifest.xml:30:17-85
93                android:value="androidx.startup" />
93-->[androidx.profileinstaller:profileinstaller:1.3.1] AndroidManifest.xml:31:17-49
94        </provider>
95
96        <receiver
96-->[androidx.profileinstaller:profileinstaller:1.3.1] AndroidManifest.xml:34:9-52:20
97            android:name="androidx.profileinstaller.ProfileInstallReceiver"
97-->[androidx.profileinstaller:profileinstaller:1.3.1] AndroidManifest.xml:35:13-76
98            android:directBootAware="false"
98-->[androidx.profileinstaller:profileinstaller:1.3.1] AndroidManifest.xml:36:13-44
99            android:enabled="true"
99-->[androidx.profileinstaller:profileinstaller:1.3.1] AndroidManifest.xml:37:13-35
100            android:exported="true"
100-->[androidx.profileinstaller:profileinstaller:1.3.1] AndroidManifest.xml:38:13-36
101            android:permission="android.permission.DUMP" >
101-->[androidx.profileinstaller:profileinstaller:1.3.1] AndroidManifest.xml:39:13-57
102            <intent-filter>
102-->[androidx.profileinstaller:profileinstaller:1.3.1] AndroidManifest.xml:40:13-42:29
103                <action android:name="androidx.profileinstaller.action.INSTALL_PROFILE" />
103-->[androidx.profileinstaller:profileinstaller:1.3.1] AndroidManifest.xml:41:17-91
103-->[androidx.profileinstaller:profileinstaller:1.3.1] AndroidManifest.xml:41:25-88
104            </intent-filter>
105            <intent-filter>
105-->[androidx.profileinstaller:profileinstaller:1.3.1] AndroidManifest.xml:43:13-45:29
106                <action android:name="androidx.profileinstaller.action.SKIP_FILE" />
106-->[androidx.profileinstaller:profileinstaller:1.3.1] AndroidManifest.xml:44:17-85
106-->[androidx.profileinstaller:profileinstaller:1.3.1] AndroidManifest.xml:44:25-82
107            </intent-filter>
108            <intent-filter>
108-->[androidx.profileinstaller:profileinstaller:1.3.1] AndroidManifest.xml:46:13-48:29
109                <action android:name="androidx.profileinstaller.action.SAVE_PROFILE" />
109-->[androidx.profileinstaller:profileinstaller:1.3.1] AndroidManifest.xml:47:17-88
109-->[androidx.profileinstaller:profileinstaller:1.3.1] AndroidManifest.xml:47:25-85
110            </intent-filter>
111            <intent-filter>
111-->[androidx.profileinstaller:profileinstaller:1.3.1] AndroidManifest.xml:49:13-51:29
112                <action android:name="androidx.profileinstaller.action.BENCHMARK_OPERATION" />
112-->[androidx.profileinstaller:profileinstaller:1.3.1] AndroidManifest.xml:50:17-95
112-->[androidx.profileinstaller:profileinstaller:1.3.1] AndroidManifest.xml:50:25-92
113            </intent-filter>
114        </receiver>
115    </application>
116
117</manifest>